CRITICAL - 2022-06-25 12:25:48 --> Undefined variable $Tablas
#0 D:\XAMPP\htdocs\MiniCore\app\Views\Tablas\tabla.php(21): CodeIgniter\Debug\Exceptions->errorHandler(2, 'Undefined varia...', 'D:\\XAMPP\\htdocs...', 21)
#1 D:\XAMPP\htdocs\MiniCore\system\View\View.php(210): include('D:\\XAMPP\\htdocs...')
#2 D:\XAMPP\htdocs\MiniCore\system\View\View.php(213): CodeIgniter\View\View->CodeIgniter\View\{closure}()
#3 D:\XAMPP\htdocs\MiniCore\system\Common.php(1089): CodeIgniter\View\View->render('Tablas/tabla', Array, true)
#4 D:\XAMPP\htdocs\MiniCore\app\Controllers\Home.php(12): view('Tablas/tabla', Array)
#5 D:\XAMPP\htdocs\MiniCore\system\CodeIgniter.php(832): App\Controllers\Home->index()
#6 D:\XAMPP\htdocs\MiniCore\system\CodeIgniter.php(419): CodeIgniter\CodeIgniter->runController(Object(App\Controllers\Home))
#7 D:\XAMPP\htdocs\MiniCore\system\CodeIgniter.php(326): CodeIgniter\CodeIgniter->handleRequest(NULL, Object(Config\Cache), false)
#8 D:\XAMPP\htdocs\MiniCore\public\index.php(37): CodeIgniter\CodeIgniter->run()
#9 {main}
CRITICAL - 2022-06-25 12:27:24 --> Undefined variable $TituloPagina
#0 D:\XAMPP\htdocs\MiniCore\app\Views\Tablas\tabla.php(7): CodeIgniter\Debug\Exceptions->errorHandler(2, 'Undefined varia...', 'D:\\XAMPP\\htdocs...', 7)
#1 D:\XAMPP\htdocs\MiniCore\system\View\View.php(210): include('D:\\XAMPP\\htdocs...')
#2 D:\XAMPP\htdocs\MiniCore\system\View\View.php(213): CodeIgniter\View\View->CodeIgniter\View\{closure}()
#3 D:\XAMPP\htdocs\MiniCore\system\Common.php(1089): CodeIgniter\View\View->render('Tablas/tabla', Array, true)
#4 D:\XAMPP\htdocs\MiniCore\app\Controllers\Tablas.php(70): view('Tablas/tabla', Array)
#5 D:\XAMPP\htdocs\MiniCore\system\CodeIgniter.php(832): App\Controllers\Tablas->index()
#6 D:\XAMPP\htdocs\MiniCore\system\CodeIgniter.php(419): CodeIgniter\CodeIgniter->runController(Object(App\Controllers\Tablas))
#7 D:\XAMPP\htdocs\MiniCore\system\CodeIgniter.php(326): CodeIgniter\CodeIgniter->handleRequest(NULL, Object(Config\Cache), false)
#8 D:\XAMPP\htdocs\MiniCore\public\index.php(37): CodeIgniter\CodeIgniter->run()
#9 {main}
ERROR - 2022-06-25 12:38:45 --> Error connecting to the database: No se puede establecer una conexión ya que el equipo de destino denegó expresamente dicha conexión
CRITICAL - 2022-06-25 12:38:45 --> Unable to connect to the database.
Main connection [mysqli]: No se puede establecer una conexión ya que el equipo de destino denegó expresamente dicha conexión
#0 D:\XAMPP\htdocs\MiniCore\system\Database\BaseConnection.php(577): CodeIgniter\Database\BaseConnection->initialize()
#1 D:\XAMPP\htdocs\MiniCore\app\Controllers\Tablas.php(22): CodeIgniter\Database\BaseConnection->query('SELECT p.id as ...')
#2 D:\XAMPP\htdocs\MiniCore\system\CodeIgniter.php(832): App\Controllers\Tablas->index()
#3 D:\XAMPP\htdocs\MiniCore\system\CodeIgniter.php(419): CodeIgniter\CodeIgniter->runController(Object(App\Controllers\Tablas))
#4 D:\XAMPP\htdocs\MiniCore\system\CodeIgniter.php(326): CodeIgniter\CodeIgniter->handleRequest(NULL, Object(Config\Cache), false)
#5 D:\XAMPP\htdocs\MiniCore\public\index.php(37): CodeIgniter\CodeIgniter->run()
#6 {main}
ERROR - 2022-06-25 12:38:55 --> Error connecting to the database: No se puede establecer una conexión ya que el equipo de destino denegó expresamente dicha conexión
CRITICAL - 2022-06-25 12:38:55 --> Unable to connect to the database.
Main connection [mysqli]: No se puede establecer una conexión ya que el equipo de destino denegó expresamente dicha conexión
#0 D:\XAMPP\htdocs\MiniCore\system\Database\BaseConnection.php(577): CodeIgniter\Database\BaseConnection->initialize()
#1 D:\XAMPP\htdocs\MiniCore\app\Controllers\Tablas.php(22): CodeIgniter\Database\BaseConnection->query('SELECT p.id as ...')
#2 D:\XAMPP\htdocs\MiniCore\system\CodeIgniter.php(832): App\Controllers\Tablas->index()
#3 D:\XAMPP\htdocs\MiniCore\system\CodeIgniter.php(419): CodeIgniter\CodeIgniter->runController(Object(App\Controllers\Tablas))
#4 D:\XAMPP\htdocs\MiniCore\system\CodeIgniter.php(326): CodeIgniter\CodeIgniter->handleRequest(NULL, Object(Config\Cache), false)
#5 D:\XAMPP\htdocs\MiniCore\public\index.php(37): CodeIgniter\CodeIgniter->run()
#6 {main}
ERROR - 2022-06-25 12:42:36 --> Error connecting to the database: Login failed for user 'andresao11'.
CRITICAL - 2022-06-25 12:42:36 --> Unable to connect to the database.
Main connection [sqlsrv]: Login failed for user 'andresao11'.
#0 D:\XAMPP\htdocs\MiniCore\system\Database\BaseConnection.php(577): CodeIgniter\Database\BaseConnection->initialize()
#1 D:\XAMPP\htdocs\MiniCore\app\Controllers\Tablas.php(22): CodeIgniter\Database\BaseConnection->query('SELECT p.id as ...')
#2 D:\XAMPP\htdocs\MiniCore\system\CodeIgniter.php(832): App\Controllers\Tablas->index()
#3 D:\XAMPP\htdocs\MiniCore\system\CodeIgniter.php(419): CodeIgniter\CodeIgniter->runController(Object(App\Controllers\Tablas))
#4 D:\XAMPP\htdocs\MiniCore\system\CodeIgniter.php(326): CodeIgniter\CodeIgniter->handleRequest(NULL, Object(Config\Cache), false)
#5 D:\XAMPP\htdocs\MiniCore\public\index.php(37): CodeIgniter\CodeIgniter->run()
#6 {main}
ERROR - 2022-06-25 12:43:11 --> Error connecting to the database: Login failed for user 'andresao11'.
CRITICAL - 2022-06-25 12:43:11 --> Unable to connect to the database.
Main connection [sqlsrv]: Login failed for user 'andresao11'.
#0 D:\XAMPP\htdocs\MiniCore\system\Database\BaseConnection.php(577): CodeIgniter\Database\BaseConnection->initialize()
#1 D:\XAMPP\htdocs\MiniCore\app\Controllers\Tablas.php(22): CodeIgniter\Database\BaseConnection->query('SELECT p.id as ...')
#2 D:\XAMPP\htdocs\MiniCore\system\CodeIgniter.php(832): App\Controllers\Tablas->index()
#3 D:\XAMPP\htdocs\MiniCore\system\CodeIgniter.php(419): CodeIgniter\CodeIgniter->runController(Object(App\Controllers\Tablas))
#4 D:\XAMPP\htdocs\MiniCore\system\CodeIgniter.php(326): CodeIgniter\CodeIgniter->handleRequest(NULL, Object(Config\Cache), false)
#5 D:\XAMPP\htdocs\MiniCore\public\index.php(37): CodeIgniter\CodeIgniter->run()
#6 {main}
ERROR - 2022-06-25 12:43:13 --> Error connecting to the database: Login failed for user 'andresao11'.
CRITICAL - 2022-06-25 12:43:13 --> Unable to connect to the database.
Main connection [sqlsrv]: Login failed for user 'andresao11'.
#0 D:\XAMPP\htdocs\MiniCore\system\Database\BaseConnection.php(577): CodeIgniter\Database\BaseConnection->initialize()
#1 D:\XAMPP\htdocs\MiniCore\app\Controllers\Tablas.php(22): CodeIgniter\Database\BaseConnection->query('SELECT p.id as ...')
#2 D:\XAMPP\htdocs\MiniCore\system\CodeIgniter.php(832): App\Controllers\Tablas->index()
#3 D:\XAMPP\htdocs\MiniCore\system\CodeIgniter.php(419): CodeIgniter\CodeIgniter->runController(Object(App\Controllers\Tablas))
#4 D:\XAMPP\htdocs\MiniCore\system\CodeIgniter.php(326): CodeIgniter\CodeIgniter->handleRequest(NULL, Object(Config\Cache), false)
#5 D:\XAMPP\htdocs\MiniCore\public\index.php(37): CodeIgniter\CodeIgniter->run()
#6 {main}
ERROR - 2022-06-25 12:43:15 --> Error connecting to the database: Login failed for user 'andresao11'.
CRITICAL - 2022-06-25 12:43:15 --> Unable to connect to the database.
Main connection [sqlsrv]: Login failed for user 'andresao11'.
#0 D:\XAMPP\htdocs\MiniCore\system\Database\BaseConnection.php(577): CodeIgniter\Database\BaseConnection->initialize()
#1 D:\XAMPP\htdocs\MiniCore\app\Controllers\Tablas.php(22): CodeIgniter\Database\BaseConnection->query('SELECT p.id as ...')
#2 D:\XAMPP\htdocs\MiniCore\system\CodeIgniter.php(832): App\Controllers\Tablas->index()
#3 D:\XAMPP\htdocs\MiniCore\system\CodeIgniter.php(419): CodeIgniter\CodeIgniter->runController(Object(App\Controllers\Tablas))
#4 D:\XAMPP\htdocs\MiniCore\system\CodeIgniter.php(326): CodeIgniter\CodeIgniter->handleRequest(NULL, Object(Config\Cache), false)
#5 D:\XAMPP\htdocs\MiniCore\public\index.php(37): CodeIgniter\CodeIgniter->run()
#6 {main}
ERROR - 2022-06-25 12:43:41 --> Error connecting to the database: Login failed for user 'andresao11'.
CRITICAL - 2022-06-25 12:43:41 --> Unable to connect to the database.
Main connection [sqlsrv]: Login failed for user 'andresao11'.
#0 D:\XAMPP\htdocs\MiniCore\system\Database\BaseConnection.php(577): CodeIgniter\Database\BaseConnection->initialize()
#1 D:\XAMPP\htdocs\MiniCore\app\Controllers\Tablas.php(22): CodeIgniter\Database\BaseConnection->query('SELECT p.id as ...')
#2 D:\XAMPP\htdocs\MiniCore\system\CodeIgniter.php(832): App\Controllers\Tablas->index()
#3 D:\XAMPP\htdocs\MiniCore\system\CodeIgniter.php(419): CodeIgniter\CodeIgniter->runController(Object(App\Controllers\Tablas))
#4 D:\XAMPP\htdocs\MiniCore\system\CodeIgniter.php(326): CodeIgniter\CodeIgniter->handleRequest(NULL, Object(Config\Cache), false)
#5 D:\XAMPP\htdocs\MiniCore\public\index.php(37): CodeIgniter\CodeIgniter->run()
#6 {main}
ERROR - 2022-06-25 12:43:42 --> Error connecting to the database: Login failed for user 'andresao11'.
CRITICAL - 2022-06-25 12:43:42 --> Unable to connect to the database.
Main connection [sqlsrv]: Login failed for user 'andresao11'.
#0 D:\XAMPP\htdocs\MiniCore\system\Database\BaseConnection.php(577): CodeIgniter\Database\BaseConnection->initialize()
#1 D:\XAMPP\htdocs\MiniCore\app\Controllers\Tablas.php(22): CodeIgniter\Database\BaseConnection->query('SELECT p.id as ...')
#2 D:\XAMPP\htdocs\MiniCore\system\CodeIgniter.php(832): App\Controllers\Tablas->index()
#3 D:\XAMPP\htdocs\MiniCore\system\CodeIgniter.php(419): CodeIgniter\CodeIgniter->runController(Object(App\Controllers\Tablas))
#4 D:\XAMPP\htdocs\MiniCore\system\CodeIgniter.php(326): CodeIgniter\CodeIgniter->handleRequest(NULL, Object(Config\Cache), false)
#5 D:\XAMPP\htdocs\MiniCore\public\index.php(37): CodeIgniter\CodeIgniter->run()
#6 {main}
ERROR - 2022-06-25 12:43:42 --> Error connecting to the database: Login failed for user 'andresao11'.
CRITICAL - 2022-06-25 12:43:42 --> Unable to connect to the database.
Main connection [sqlsrv]: Login failed for user 'andresao11'.
#0 D:\XAMPP\htdocs\MiniCore\system\Database\BaseConnection.php(577): CodeIgniter\Database\BaseConnection->initialize()
#1 D:\XAMPP\htdocs\MiniCore\app\Controllers\Tablas.php(22): CodeIgniter\Database\BaseConnection->query('SELECT p.id as ...')
#2 D:\XAMPP\htdocs\MiniCore\system\CodeIgniter.php(832): App\Controllers\Tablas->index()
#3 D:\XAMPP\htdocs\MiniCore\system\CodeIgniter.php(419): CodeIgniter\CodeIgniter->runController(Object(App\Controllers\Tablas))
#4 D:\XAMPP\htdocs\MiniCore\system\CodeIgniter.php(326): CodeIgniter\CodeIgniter->handleRequest(NULL, Object(Config\Cache), false)
#5 D:\XAMPP\htdocs\MiniCore\public\index.php(37): CodeIgniter\CodeIgniter->run()
#6 {main}
ERROR - 2022-06-25 12:43:43 --> Error connecting to the database: Login failed for user 'andresao11'.
CRITICAL - 2022-06-25 12:43:43 --> Unable to connect to the database.
Main connection [sqlsrv]: Login failed for user 'andresao11'.
#0 D:\XAMPP\htdocs\MiniCore\system\Database\BaseConnection.php(577): CodeIgniter\Database\BaseConnection->initialize()
#1 D:\XAMPP\htdocs\MiniCore\app\Controllers\Tablas.php(22): CodeIgniter\Database\BaseConnection->query('SELECT p.id as ...')
#2 D:\XAMPP\htdocs\MiniCore\system\CodeIgniter.php(832): App\Controllers\Tablas->index()
#3 D:\XAMPP\htdocs\MiniCore\system\CodeIgniter.php(419): CodeIgniter\CodeIgniter->runController(Object(App\Controllers\Tablas))
#4 D:\XAMPP\htdocs\MiniCore\system\CodeIgniter.php(326): CodeIgniter\CodeIgniter->handleRequest(NULL, Object(Config\Cache), false)
#5 D:\XAMPP\htdocs\MiniCore\public\index.php(37): CodeIgniter\CodeIgniter->run()
#6 {main}
ERROR - 2022-06-25 12:43:43 --> Error connecting to the database: Login failed for user 'andresao11'.
CRITICAL - 2022-06-25 12:43:43 --> Unable to connect to the database.
Main connection [sqlsrv]: Login failed for user 'andresao11'.
#0 D:\XAMPP\htdocs\MiniCore\system\Database\BaseConnection.php(577): CodeIgniter\Database\BaseConnection->initialize()
#1 D:\XAMPP\htdocs\MiniCore\app\Controllers\Tablas.php(22): CodeIgniter\Database\BaseConnection->query('SELECT p.id as ...')
#2 D:\XAMPP\htdocs\MiniCore\system\CodeIgniter.php(832): App\Controllers\Tablas->index()
#3 D:\XAMPP\htdocs\MiniCore\system\CodeIgniter.php(419): CodeIgniter\CodeIgniter->runController(Object(App\Controllers\Tablas))
#4 D:\XAMPP\htdocs\MiniCore\system\CodeIgniter.php(326): CodeIgniter\CodeIgniter->handleRequest(NULL, Object(Config\Cache), false)
#5 D:\XAMPP\htdocs\MiniCore\public\index.php(37): CodeIgniter\CodeIgniter->run()
#6 {main}
ERROR - 2022-06-25 12:43:43 --> Error connecting to the database: Login failed for user 'andresao11'.
CRITICAL - 2022-06-25 12:43:43 --> Unable to connect to the database.
Main connection [sqlsrv]: Login failed for user 'andresao11'.
#0 D:\XAMPP\htdocs\MiniCore\system\Database\BaseConnection.php(577): CodeIgniter\Database\BaseConnection->initialize()
#1 D:\XAMPP\htdocs\MiniCore\app\Controllers\Tablas.php(22): CodeIgniter\Database\BaseConnection->query('SELECT p.id as ...')
#2 D:\XAMPP\htdocs\MiniCore\system\CodeIgniter.php(832): App\Controllers\Tablas->index()
#3 D:\XAMPP\htdocs\MiniCore\system\CodeIgniter.php(419): CodeIgniter\CodeIgniter->runController(Object(App\Controllers\Tablas))
#4 D:\XAMPP\htdocs\MiniCore\system\CodeIgniter.php(326): CodeIgniter\CodeIgniter->handleRequest(NULL, Object(Config\Cache), false)
#5 D:\XAMPP\htdocs\MiniCore\public\index.php(37): CodeIgniter\CodeIgniter->run()
#6 {main}
ERROR - 2022-06-25 12:43:43 --> Error connecting to the database: Login failed for user 'andresao11'.
CRITICAL - 2022-06-25 12:43:43 --> Unable to connect to the database.
Main connection [sqlsrv]: Login failed for user 'andresao11'.
#0 D:\XAMPP\htdocs\MiniCore\system\Database\BaseConnection.php(577): CodeIgniter\Database\BaseConnection->initialize()
#1 D:\XAMPP\htdocs\MiniCore\app\Controllers\Tablas.php(22): CodeIgniter\Database\BaseConnection->query('SELECT p.id as ...')
#2 D:\XAMPP\htdocs\MiniCore\system\CodeIgniter.php(832): App\Controllers\Tablas->index()
#3 D:\XAMPP\htdocs\MiniCore\system\CodeIgniter.php(419): CodeIgniter\CodeIgniter->runController(Object(App\Controllers\Tablas))
#4 D:\XAMPP\htdocs\MiniCore\system\CodeIgniter.php(326): CodeIgniter\CodeIgniter->handleRequest(NULL, Object(Config\Cache), false)
#5 D:\XAMPP\htdocs\MiniCore\public\index.php(37): CodeIgniter\CodeIgniter->run()
#6 {main}
ERROR - 2022-06-25 12:43:43 --> Error connecting to the database: Login failed for user 'andresao11'.
CRITICAL - 2022-06-25 12:43:43 --> Unable to connect to the database.
Main connection [sqlsrv]: Login failed for user 'andresao11'.
#0 D:\XAMPP\htdocs\MiniCore\system\Database\BaseConnection.php(577): CodeIgniter\Database\BaseConnection->initialize()
#1 D:\XAMPP\htdocs\MiniCore\app\Controllers\Tablas.php(22): CodeIgniter\Database\BaseConnection->query('SELECT p.id as ...')
#2 D:\XAMPP\htdocs\MiniCore\system\CodeIgniter.php(832): App\Controllers\Tablas->index()
#3 D:\XAMPP\htdocs\MiniCore\system\CodeIgniter.php(419): CodeIgniter\CodeIgniter->runController(Object(App\Controllers\Tablas))
#4 D:\XAMPP\htdocs\MiniCore\system\CodeIgniter.php(326): CodeIgniter\CodeIgniter->handleRequest(NULL, Object(Config\Cache), false)
#5 D:\XAMPP\htdocs\MiniCore\public\index.php(37): CodeIgniter\CodeIgniter->run()
#6 {main}
ERROR - 2022-06-25 12:43:43 --> Error connecting to the database: Login failed for user 'andresao11'.
CRITICAL - 2022-06-25 12:43:43 --> Unable to connect to the database.
Main connection [sqlsrv]: Login failed for user 'andresao11'.
#0 D:\XAMPP\htdocs\MiniCore\system\Database\BaseConnection.php(577): CodeIgniter\Database\BaseConnection->initialize()
#1 D:\XAMPP\htdocs\MiniCore\app\Controllers\Tablas.php(22): CodeIgniter\Database\BaseConnection->query('SELECT p.id as ...')
#2 D:\XAMPP\htdocs\MiniCore\system\CodeIgniter.php(832): App\Controllers\Tablas->index()
#3 D:\XAMPP\htdocs\MiniCore\system\CodeIgniter.php(419): CodeIgniter\CodeIgniter->runController(Object(App\Controllers\Tablas))
#4 D:\XAMPP\htdocs\MiniCore\system\CodeIgniter.php(326): CodeIgniter\CodeIgniter->handleRequest(NULL, Object(Config\Cache), false)
#5 D:\XAMPP\htdocs\MiniCore\public\index.php(37): CodeIgniter\CodeIgniter->run()
#6 {main}
ERROR - 2022-06-25 12:43:44 --> Error connecting to the database: Login failed for user 'andresao11'.
CRITICAL - 2022-06-25 12:43:44 --> Unable to connect to the database.
Main connection [sqlsrv]: Login failed for user 'andresao11'.
#0 D:\XAMPP\htdocs\MiniCore\system\Database\BaseConnection.php(577): CodeIgniter\Database\BaseConnection->initialize()
#1 D:\XAMPP\htdocs\MiniCore\app\Controllers\Tablas.php(22): CodeIgniter\Database\BaseConnection->query('SELECT p.id as ...')
#2 D:\XAMPP\htdocs\MiniCore\system\CodeIgniter.php(832): App\Controllers\Tablas->index()
#3 D:\XAMPP\htdocs\MiniCore\system\CodeIgniter.php(419): CodeIgniter\CodeIgniter->runController(Object(App\Controllers\Tablas))
#4 D:\XAMPP\htdocs\MiniCore\system\CodeIgniter.php(326): CodeIgniter\CodeIgniter->handleRequest(NULL, Object(Config\Cache), false)
#5 D:\XAMPP\htdocs\MiniCore\public\index.php(37): CodeIgniter\CodeIgniter->run()
#6 {main}
ERROR - 2022-06-25 12:43:44 --> Error connecting to the database: Login failed for user 'andresao11'.
CRITICAL - 2022-06-25 12:43:44 --> Unable to connect to the database.
Main connection [sqlsrv]: Login failed for user 'andresao11'.
#0 D:\XAMPP\htdocs\MiniCore\system\Database\BaseConnection.php(577): CodeIgniter\Database\BaseConnection->initialize()
#1 D:\XAMPP\htdocs\MiniCore\app\Controllers\Tablas.php(22): CodeIgniter\Database\BaseConnection->query('SELECT p.id as ...')
#2 D:\XAMPP\htdocs\MiniCore\system\CodeIgniter.php(832): App\Controllers\Tablas->index()
#3 D:\XAMPP\htdocs\MiniCore\system\CodeIgniter.php(419): CodeIgniter\CodeIgniter->runController(Object(App\Controllers\Tablas))
#4 D:\XAMPP\htdocs\MiniCore\system\CodeIgniter.php(326): CodeIgniter\CodeIgniter->handleRequest(NULL, Object(Config\Cache), false)
#5 D:\XAMPP\htdocs\MiniCore\public\index.php(37): CodeIgniter\CodeIgniter->run()
#6 {main}
ERROR - 2022-06-25 12:43:44 --> Error connecting to the database: Login failed for user 'andresao11'.
CRITICAL - 2022-06-25 12:43:44 --> Unable to connect to the database.
Main connection [sqlsrv]: Login failed for user 'andresao11'.
#0 D:\XAMPP\htdocs\MiniCore\system\Database\BaseConnection.php(577): CodeIgniter\Database\BaseConnection->initialize()
#1 D:\XAMPP\htdocs\MiniCore\app\Controllers\Tablas.php(22): CodeIgniter\Database\BaseConnection->query('SELECT p.id as ...')
#2 D:\XAMPP\htdocs\MiniCore\system\CodeIgniter.php(832): App\Controllers\Tablas->index()
#3 D:\XAMPP\htdocs\MiniCore\system\CodeIgniter.php(419): CodeIgniter\CodeIgniter->runController(Object(App\Controllers\Tablas))
#4 D:\XAMPP\htdocs\MiniCore\system\CodeIgniter.php(326): CodeIgniter\CodeIgniter->handleRequest(NULL, Object(Config\Cache), false)
#5 D:\XAMPP\htdocs\MiniCore\public\index.php(37): CodeIgniter\CodeIgniter->run()
#6 {main}
ERROR - 2022-06-25 12:43:44 --> Error connecting to the database: Login failed for user 'andresao11'.
CRITICAL - 2022-06-25 12:43:44 --> Unable to connect to the database.
Main connection [sqlsrv]: Login failed for user 'andresao11'.
#0 D:\XAMPP\htdocs\MiniCore\system\Database\BaseConnection.php(577): CodeIgniter\Database\BaseConnection->initialize()
#1 D:\XAMPP\htdocs\MiniCore\app\Controllers\Tablas.php(22): CodeIgniter\Database\BaseConnection->query('SELECT p.id as ...')
#2 D:\XAMPP\htdocs\MiniCore\system\CodeIgniter.php(832): App\Controllers\Tablas->index()
#3 D:\XAMPP\htdocs\MiniCore\system\CodeIgniter.php(419): CodeIgniter\CodeIgniter->runController(Object(App\Controllers\Tablas))
#4 D:\XAMPP\htdocs\MiniCore\system\CodeIgniter.php(326): CodeIgniter\CodeIgniter->handleRequest(NULL, Object(Config\Cache), false)
#5 D:\XAMPP\htdocs\MiniCore\public\index.php(37): CodeIgniter\CodeIgniter->run()
#6 {main}
ERROR - 2022-06-25 12:43:44 --> Error connecting to the database: Login failed for user 'andresao11'.
CRITICAL - 2022-06-25 12:43:44 --> Unable to connect to the database.
Main connection [sqlsrv]: Login failed for user 'andresao11'.
#0 D:\XAMPP\htdocs\MiniCore\system\Database\BaseConnection.php(577): CodeIgniter\Database\BaseConnection->initialize()
#1 D:\XAMPP\htdocs\MiniCore\app\Controllers\Tablas.php(22): CodeIgniter\Database\BaseConnection->query('SELECT p.id as ...')
#2 D:\XAMPP\htdocs\MiniCore\system\CodeIgniter.php(832): App\Controllers\Tablas->index()
#3 D:\XAMPP\htdocs\MiniCore\system\CodeIgniter.php(419): CodeIgniter\CodeIgniter->runController(Object(App\Controllers\Tablas))
#4 D:\XAMPP\htdocs\MiniCore\system\CodeIgniter.php(326): CodeIgniter\CodeIgniter->handleRequest(NULL, Object(Config\Cache), false)
#5 D:\XAMPP\htdocs\MiniCore\public\index.php(37): CodeIgniter\CodeIgniter->run()
#6 {main}
ERROR - 2022-06-25 12:43:44 --> Error connecting to the database: Login failed for user 'andresao11'.
CRITICAL - 2022-06-25 12:43:44 --> Unable to connect to the database.
Main connection [sqlsrv]: Login failed for user 'andresao11'.
#0 D:\XAMPP\htdocs\MiniCore\system\Database\BaseConnection.php(577): CodeIgniter\Database\BaseConnection->initialize()
#1 D:\XAMPP\htdocs\MiniCore\app\Controllers\Tablas.php(22): CodeIgniter\Database\BaseConnection->query('SELECT p.id as ...')
#2 D:\XAMPP\htdocs\MiniCore\system\CodeIgniter.php(832): App\Controllers\Tablas->index()
#3 D:\XAMPP\htdocs\MiniCore\system\CodeIgniter.php(419): CodeIgniter\CodeIgniter->runController(Object(App\Controllers\Tablas))
#4 D:\XAMPP\htdocs\MiniCore\system\CodeIgniter.php(326): CodeIgniter\CodeIgniter->handleRequest(NULL, Object(Config\Cache), false)
#5 D:\XAMPP\htdocs\MiniCore\public\index.php(37): CodeIgniter\CodeIgniter->run()
#6 {main}
ERROR - 2022-06-25 12:43:45 --> Error connecting to the database: Login failed for user 'andresao11'.
CRITICAL - 2022-06-25 12:43:45 --> Unable to connect to the database.
Main connection [sqlsrv]: Login failed for user 'andresao11'.
#0 D:\XAMPP\htdocs\MiniCore\system\Database\BaseConnection.php(577): CodeIgniter\Database\BaseConnection->initialize()
#1 D:\XAMPP\htdocs\MiniCore\app\Controllers\Tablas.php(22): CodeIgniter\Database\BaseConnection->query('SELECT p.id as ...')
#2 D:\XAMPP\htdocs\MiniCore\system\CodeIgniter.php(832): App\Controllers\Tablas->index()
#3 D:\XAMPP\htdocs\MiniCore\system\CodeIgniter.php(419): CodeIgniter\CodeIgniter->runController(Object(App\Controllers\Tablas))
#4 D:\XAMPP\htdocs\MiniCore\system\CodeIgniter.php(326): CodeIgniter\CodeIgniter->handleRequest(NULL, Object(Config\Cache), false)
#5 D:\XAMPP\htdocs\MiniCore\public\index.php(37): CodeIgniter\CodeIgniter->run()
#6 {main}
ERROR - 2022-06-25 12:43:45 --> Error connecting to the database: Login failed for user 'andresao11'.
CRITICAL - 2022-06-25 12:43:45 --> Unable to connect to the database.
Main connection [sqlsrv]: Login failed for user 'andresao11'.
#0 D:\XAMPP\htdocs\MiniCore\system\Database\BaseConnection.php(577): CodeIgniter\Database\BaseConnection->initialize()
#1 D:\XAMPP\htdocs\MiniCore\app\Controllers\Tablas.php(22): CodeIgniter\Database\BaseConnection->query('SELECT p.id as ...')
#2 D:\XAMPP\htdocs\MiniCore\system\CodeIgniter.php(832): App\Controllers\Tablas->index()
#3 D:\XAMPP\htdocs\MiniCore\system\CodeIgniter.php(419): CodeIgniter\CodeIgniter->runController(Object(App\Controllers\Tablas))
#4 D:\XAMPP\htdocs\MiniCore\system\CodeIgniter.php(326): CodeIgniter\CodeIgniter->handleRequest(NULL, Object(Config\Cache), false)
#5 D:\XAMPP\htdocs\MiniCore\public\index.php(37): CodeIgniter\CodeIgniter->run()
#6 {main}
ERROR - 2022-06-25 12:43:45 --> Error connecting to the database: Login failed for user 'andresao11'.
CRITICAL - 2022-06-25 12:43:45 --> Unable to connect to the database.
Main connection [sqlsrv]: Login failed for user 'andresao11'.
#0 D:\XAMPP\htdocs\MiniCore\system\Database\BaseConnection.php(577): CodeIgniter\Database\BaseConnection->initialize()
#1 D:\XAMPP\htdocs\MiniCore\app\Controllers\Tablas.php(22): CodeIgniter\Database\BaseConnection->query('SELECT p.id as ...')
#2 D:\XAMPP\htdocs\MiniCore\system\CodeIgniter.php(832): App\Controllers\Tablas->index()
#3 D:\XAMPP\htdocs\MiniCore\system\CodeIgniter.php(419): CodeIgniter\CodeIgniter->runController(Object(App\Controllers\Tablas))
#4 D:\XAMPP\htdocs\MiniCore\system\CodeIgniter.php(326): CodeIgniter\CodeIgniter->handleRequest(NULL, Object(Config\Cache), false)
#5 D:\XAMPP\htdocs\MiniCore\public\index.php(37): CodeIgniter\CodeIgniter->run()
#6 {main}
ERROR - 2022-06-25 12:43:46 --> Error connecting to the database: Login failed for user 'andresao11'.
CRITICAL - 2022-06-25 12:43:46 --> Unable to connect to the database.
Main connection [sqlsrv]: Login failed for user 'andresao11'.
#0 D:\XAMPP\htdocs\MiniCore\system\Database\BaseConnection.php(577): CodeIgniter\Database\BaseConnection->initialize()
#1 D:\XAMPP\htdocs\MiniCore\app\Controllers\Tablas.php(22): CodeIgniter\Database\BaseConnection->query('SELECT p.id as ...')
#2 D:\XAMPP\htdocs\MiniCore\system\CodeIgniter.php(832): App\Controllers\Tablas->index()
#3 D:\XAMPP\htdocs\MiniCore\system\CodeIgniter.php(419): CodeIgniter\CodeIgniter->runController(Object(App\Controllers\Tablas))
#4 D:\XAMPP\htdocs\MiniCore\system\CodeIgniter.php(326): CodeIgniter\CodeIgniter->handleRequest(NULL, Object(Config\Cache), false)
#5 D:\XAMPP\htdocs\MiniCore\public\index.php(37): CodeIgniter\CodeIgniter->run()
#6 {main}
